[33mcommit d04b750d7ff70402233825ad29fcb7d5ac11db11[m
Author: Maglin <jeremiah.rempel@cox.net>
Date:   Sun Jul 28 09:04:54 2019 -0500

    Whitespace and file encoding cleanup

 DXFs/{Bottom Panel - 250^3.DXF => Bottom_Panel-250^3.DXF}                                                                    |  11140 [32m++[m[31m---[m
 DXFs/{Bottom Panel - 300^3.DXF => Bottom_Panel-300^3.DXF}                                                                    |  11140 [32m++[m[31m---[m
 DXFs/{Bottom Panel - 350^3.DXF => Bottom_Panel-350^3.DXF}                                                                    |  11140 [32m++[m[31m---[m
 DXFs/{Deck Panel - 250^3.DXF => Deck_Panel-250^3.DXF}                                                                        |  11152 [32m++[m[31m---[m
 DXFs/{Deck Panel - 300^3.DXF => Deck_Panel-300^3.DXF}                                                                        |  11152 [32m++[m[31m---[m
 DXFs/{Deck Panel - 350^3.DXF => Deck_Panel-350^3.DXF}                                                                        |  11152 [32m++[m[31m---[m
 DXFs/{Rear Panel - 250^3.DXF => Rear_Panel-250^3.DXF}                                                                        |   7668 [32m++[m[31m--[m
 DXFs/{Rear Panel - 300^3.DXF => Rear_Panel-300^3.DXF}                                                                        |   7668 [32m++[m[31m--[m
 DXFs/{Rear Panel - 350^3.DXF => Rear_Panel-350^3.DXF}                                                                        |   7668 [32m++[m[31m--[m
 Firmware/Duet/V2.1/Duet/Configs/{Duet Backup - VORON V2002 - 08-22-2018.zip => Duet_Backup-VORON_V2002-08-22-2018.zip}       |    Bin
 Firmware/Klipper/Voron_2.1/Klipper/{NP++ Language => NP++_Language}/Klipper_cfg_UDL_20180824.xml                             |      0
 Mods/ArmyAg08/{Logitech C270 Mounts/2020 Cable Cover.step => Logitech_C270_Mounts/2020_Cable_Cover.step}                     |      0
 Mods/ArmyAg08/{Logitech C270 Mounts/2020 Cable Cover.stl => Logitech_C270_Mounts/2020_Cable_Cover.stl}                       |    Bin
 Mods/ArmyAg08/{Logitech C270 Mounts/Center Frame Mount.step => Logitech_C270_Mounts/Center_Frame_Mount.step}                 |      0
 Mods/ArmyAg08/{Logitech C270 Mounts/Center Frame Mount.stl => Logitech_C270_Mounts/Center_Frame_Mount.stl}                   |    Bin
 Mods/ArmyAg08/{Logitech C270 Mounts/Gantry Corner Mount.step => Logitech_C270_Mounts/Gantry_Corner_Mount.step}               |      0
 Mods/ArmyAg08/{Logitech C270 Mounts/Gantry Corner Mount.stl => Logitech_C270_Mounts/Gantry_Corner_Mount.stl}                 |    Bin
 Mods/ArmyAg08/{Logitech C270 Mounts => Logitech_C270_Mounts}/Logitech_C270_Mount.jpg                                         |    Bin
 Mods/ArmyAg08/{Logitech C270 Mounts => Logitech_C270_Mounts}/README.md                                                       |      0
 Mods/Danowar/{F6 Board Mount/F6 Dual Frame.f3d => F6_Board_Mount/F6_Dual_Frame.f3d}                                          |    Bin
 Mods/Danowar/{F6 Board Mount => F6_Board_Mount}/dual_F6_V13_frame_a.stl                                                      |    Bin
 Mods/Danowar/{F6 Board Mount => F6_Board_Mount}/dual_F6_V13_frame_b.stl                                                      |    Bin
 Mods/Danowar/{F6 Board Mount => F6_Board_Mount}/readme.md                                                                    |      0
 Mods/Danowar/{FYSETC F6 V1.3 Klipper Config => FYSETC_F6_V1.3_Klipper_Config}/printer.cfg                                    |      0
 Mods/Danowar/{Load Cell Spool Holder => Load_Cell_Spool_Holder}/Base.stl                                                     |    Bin
 Mods/Danowar/{Load Cell Spool Holder => Load_Cell_Spool_Holder}/Holder.stl                                                   |    Bin
 Mods/Danowar/{Load Cell Spool Holder/Load Cell Spool Holder v8.f3d => Load_Cell_Spool_Holder/Load_Cell_Spool_Holder_v8.f3d}  |    Bin
 Mods/Danowar/{Load Cell Spool Holder => Load_Cell_Spool_Holder}/readme.md                                                    |      0
 Mods/Danowar/{Tablet Mount/Tablet Adapter.stl => Tablet_Mount/Tablet_Adapter.stl}                                            |    Bin
 Mods/Danowar/{Tablet Mount/Tablet Mount.stl => Tablet_Mount/Tablet_Mount.stl}                                                |    Bin
 Mods/Danowar/{Tablet Mount => Tablet_Mount}/readme.md                                                                        |      0
 Mods/FHeilmann/{VORON2.1 5mm parts => VORON2.1_5mm_parts}/idler_frame_left_lower_5mm.stl                                     |    Bin
 Mods/FHeilmann/{VORON2.1 5mm parts => VORON2.1_5mm_parts}/idler_frame_left_upper_5mm.stl                                     |    Bin
 Mods/FHeilmann/{VORON2.1 5mm parts => VORON2.1_5mm_parts}/idler_frame_right_lower_5mm.stl                                    |    Bin
 Mods/FHeilmann/{VORON2.1 5mm parts => VORON2.1_5mm_parts}/idler_frame_right_upper_5mm.stl                                    |    Bin
 Mods/FHeilmann/{VORON2.1 5mm parts => VORON2.1_5mm_parts}/lock_body_5mm_x4.stl                                               |    Bin
 Mods/FHeilmann/{VORON2.1 5mm parts => VORON2.1_5mm_parts}/mount_base_a_5mm.stl                                               |    Bin
 Mods/FHeilmann/{VORON2.1 5mm parts => VORON2.1_5mm_parts}/mount_base_b_5mm.stl                                               |    Bin
 Mods/FHeilmann/{VORON2.1 5mm parts => VORON2.1_5mm_parts}/z_cable_gantry_anchor_5mm.stl                                      |    Bin
 Mods/FHeilmann/{VORON2.1 5mm parts => VORON2.1_5mm_parts}/z_drive_front_support_a_5mm_x2.stl                                 |    Bin
 Mods/FHeilmann/{VORON2.1 5mm parts => VORON2.1_5mm_parts}/z_drive_front_support_b_5mm_x2.stl                                 |    Bin
 Mods/FHeilmann/{VORON2.1 5mm parts => VORON2.1_5mm_parts}/z_drive_rear_support_a_5mm_x2.stl                                  |    Bin
 Mods/FHeilmann/{VORON2.1 5mm parts => VORON2.1_5mm_parts}/z_drive_rear_support_b_5mm_x2.stl                                  |    Bin
 Mods/FHeilmann/{VORON2 5mm Parts => VORON2_5mm_Parts}/chain_link_5mm.stl                                                     |    Bin
 Mods/FHeilmann/{VORON2 5mm Parts => VORON2_5mm_Parts}/left_front_idler_lower_5mm.stl                                         |    Bin
 Mods/FHeilmann/{VORON2 5mm Parts => VORON2_5mm_Parts}/left_front_idler_upper_5mm.stl                                         |    Bin
 Mods/FHeilmann/{VORON2 5mm Parts => VORON2_5mm_Parts}/lock_body_5mm_x4.stl                                                   |    Bin
 Mods/FHeilmann/{VORON2 5mm Parts => VORON2_5mm_Parts}/mount_base_a_5mm.stl                                                   |    Bin
 Mods/FHeilmann/{VORON2 5mm Parts => VORON2_5mm_Parts}/mount_base_b_5mm.stl                                                   |    Bin
 Mods/FHeilmann/{VORON2 5mm Parts => VORON2_5mm_Parts}/right_front_idler_lower_5mm.stl                                        |    Bin
 Mods/FHeilmann/{VORON2 5mm Parts => VORON2_5mm_Parts}/right_front_idler_upper_5mm.stl                                        |    Bin
 Mods/FHeilmann/{VORON2 5mm Parts => VORON2_5mm_Parts}/xy_joint_left_5mm.stl                                                  |    Bin
 Mods/FHeilmann/{VORON2 5mm Parts => VORON2_5mm_Parts}/xy_joint_right_5mm.stl                                                 |    Bin
 Mods/FHeilmann/{VORON2 5mm Parts => VORON2_5mm_Parts}/y_cable_bridge_5mm.stl                                                 |    Bin
 Mods/GSL12/wago_221_mount/{WAGO_221-413_mount - 2x3.step => WAGO_221-413_mount-2x3.step}                                     |      0
 Mods/GSL12/wago_221_mount/{WAGO_221-413_mount - 2x3.stl => WAGO_221-413_mount-2x3.stl}                                       |    Bin
 Mods/GSL12/wago_221_mount/{WAGO_221-413_mount - 3x3.step => WAGO_221-413_mount-3x3.step}                                     |      0
 Mods/GSL12/wago_221_mount/{WAGO_221-413_mount - 3x3.stl => WAGO_221-413_mount-3x3.stl}                                       |    Bin
 Mods/GSL12/wago_221_mount/{WAGO_221-415_mount - 3x5.step => WAGO_221-415_mount-3x5.step}                                     |      0
 Mods/GSL12/wago_221_mount/{WAGO_221-415_mount - 3x5.stl => WAGO_221-415_mount-3x5.stl}                                       |    Bin
 Mods/Glowtape/STEP/{MKS GenL v1.0 Bracket A.step => MKS_GenL_v1.0_Bracket_A.step}                                            |      0
 Mods/Glowtape/STEP/{MKS GenL v1.0 Bracket B.step => MKS_GenL_v1.0_Bracket_B.step}                                            |      0
 Mods/Glowtape/STL/{MKS GenL v1.0 Bracket A.stl => MKS_GenL_v1.0_Bracket_A.stl}                                               |    Bin
 Mods/Glowtape/STL/{MKS GenL v1.0 Bracket B.stl => MKS_GenL_v1.0_Bracket_B.stl}                                               |    Bin
 Mods/GustavtheMighty/{4.3- Paneldue Case/4.3 PD Back.stl => 4.3-Paneldue_Case/4.3_PD_Back.stl}                               |    Bin
 Mods/GustavtheMighty/{4.3- Paneldue Case/4.3 PD Front.stl => 4.3-Paneldue_Case/4.3_PD_Front.stl}                             |    Bin
 Mods/GustavtheMighty/{4.3- Paneldue Case/Paneldue Case 4.3.step => 4.3-Paneldue_Case/Paneldue_Case_4.3.step}                 |  11716 [32m++[m[31m---[m
 Mods/GustavtheMighty/{4.3- Paneldue Case => 4.3-Paneldue_Case}/ReadMe                                                        |      0
 Mods/Hackdoggo/V2/BMGobius/SLDPRT/{BMGobius Body A.SLDPRT => BMGobius_Body_A.SLDPRT}                                         |    Bin
 Mods/Hackdoggo/V2/BMGobius/SLDPRT/{BMGobius Body B.SLDPRT => BMGobius_Body_B.SLDPRT}                                         |    Bin
 Mods/Hackdoggo/V2/BMGobius/SLDPRT/{BMGobius Idler.SLDPRT => BMGobius_Idler.SLDPRT}                                           |    Bin
 Mods/Hackdoggo/V2/BMGobius/SLDPRT/{~$BMGobius Body B.SLDPRT => ~_BMGobius_Body_B.SLDPRT}                                     |    Bin
 Mods/Hackdoggo/V2/BMGobius/SLDPRT/{~$BMGobius Idler.SLDPRT => ~_BMGobius_Idler.SLDPRT}                                       |    Bin
 Mods/Hackdoggo/V2/BMGobius/STEP/{BMGobius Body A.STEP => BMGobius_Body_A.STEP}                                               |      0
 Mods/Hackdoggo/V2/BMGobius/STEP/{BMGobius Body B.STEP => BMGobius_Body_B.STEP}                                               |      0
 Mods/Hackdoggo/V2/BMGobius/STEP/{BMGobius Idler.STEP => BMGobius_Idler.STEP}                                                 |      0
 Mods/Hackdoggo/V2/BMGobius/STL/{BMGobius Body A.STL => BMGobius_Body_A.STL}                                                  |    Bin
 Mods/Hackdoggo/V2/BMGobius/STL/{BMGobius Body B.STL => BMGobius_Body_B.STL}                                                  |    Bin
 Mods/Hackdoggo/V2/BMGobius/STL/{BMGobius Idler A.STL => BMGobius_Idler_A.STL}                                                |    Bin
 Mods/Hackdoggo/V2/BMGobius/STL/{BMGobius Idler B.STL => BMGobius_Idler_B.STL}                                                |    Bin
 Mods/Jass_on/{Rear Panel Clips v2.stl => Rear_Panel_Clips_v2.stl}                                                            |    Bin
 Mods/Jass_on/{SKR 1.3 Cooling Bracket v2.stl => SKR_1.3_Cooling_Bracket_v2.stl}                                              |    Bin
 Mods/Jass_on/{Voron 2.1.1 Tempered Glass => Voron_2.1.1_Tempered_Glass}/corner_panel_clip_3mm_x12.stl                        |    Bin
 Mods/Jass_on/{Voron 2.1.1 Tempered Glass => Voron_2.1.1_Tempered_Glass}/corner_panel_clip_6mm_x12.gcode.stl                  |    Bin
 Mods/Jass_on/{Voron 2.1.1 Tempered Glass => Voron_2.1.1_Tempered_Glass}/front_panel_rest_3mm_x2.stl                          |    Bin
 Mods/Jass_on/{Voron 2.1.1 Tempered Glass => Voron_2.1.1_Tempered_Glass}/front_panel_rest_6mm_x2.stl                          |    Bin
 Mods/Jass_on/{Voron 2.1.1 Tempered Glass => Voron_2.1.1_Tempered_Glass}/handle_3mm_x2.stl                                    |    Bin
 Mods/Jass_on/{Voron 2.1.1 Tempered Glass => Voron_2.1.1_Tempered_Glass}/handle_6mm_x2.stl                                    |    Bin
 .../VORON2.1/{2020 5mm Slot Cover/2020 5mm slot cover - 10mm.step => 2020_5mm_Slot_Cover/2020_5mm_slot_cover-10mm.step}      |      0
 .../JeJeff/VORON2.1/{2020 5mm Slot Cover/2020 5mm slot cover - 10mm.stl => 2020_5mm_Slot_Cover/2020_5mm_slot_cover-10mm.stl} |    Bin
 .../JeJeff/VORON2.1/{2020 5mm Slot Cover/2020 5mm slot cover - 20mm.stl => 2020_5mm_Slot_Cover/2020_5mm_slot_cover-20mm.stl} |    Bin
 Mods/JeJeff/VORON2.1/{2020 5mm Slot Cover/2020 5mm slot cover - 5mm.stl => 2020_5mm_Slot_Cover/2020_5mm_slot_cover-5mm.stl}  |    Bin
 Mods/JeJeff/VORON2.1/{2020 5mm Slot Cover/2020 5mm slot cover.f3d => 2020_5mm_Slot_Cover/2020_5mm_slot_cover.f3d}            |    Bin
 Mods/JeJeff/VORON2.1/{2020 5mm Slot Cover => 2020_5mm_Slot_Cover}/README.md                                                  |      0
 Mods/JeJeff/VORON2.1/{Cable Tie Mount => Cable_Tie_Mount}/README.md                                                          |      0
 Mods/JeJeff/VORON2.1/{Cable Tie Mount/Small Cable Tie Mount.f3d => Cable_Tie_Mount/Small_Cable_Tie_Mount.f3d}                |    Bin
 Mods/JeJeff/VORON2.1/{Cable Tie Mount => Cable_Tie_Mount}/m3_small_cable_tie_mount.step                                      |      0
 Mods/JeJeff/VORON2.1/{Cable Tie Mount => Cable_Tie_Mount}/m3_small_cable_tie_mount.stl                                       |    Bin
 Mods/JeJeff/VORON2.1/{Cable Tie Mount => Cable_Tie_Mount}/m4_small_cable_tie_mount.step                                      |      0
 Mods/JeJeff/VORON2.1/{Cable Tie Mount => Cable_Tie_Mount}/m4_small_cable_tie_mount.stl                                       |    Bin
 .../Mains_Plug_Panel_with_RJ45_Panel_Mount.f3d}                                                                              |    Bin
 Mods/JeJeff/VORON2.1/{Mains Plug Panel with RJ45 Panel Mount => Mains_Plug_Panel_with_RJ45_Panel_Mount}/README.md            |      0
 .../mains_plug_panel_with_rj45_panel_mount.step                                                                              |      0
 .../mains_plug_panel_with_rj45_panel_mount.stl                                                                               |    Bin
 .../mains_plug_panel_with_rj45_panel_mount_alternative.step                                                                  |      0
 .../mains_plug_panel_with_rj45_panel_mount_alternative.stl                                                                   |    Bin
 Mods/Jink/{VORON 2.1/Coroplast Mount/Coroplast Mount.SLDPRT => VORON_2.1/Coroplast_Mount/Coroplast_Mount.SLDPRT}             |    Bin
 Mods/Jink/{VORON 2.1/Coroplast Mount/Coroplast Mount.STEP => VORON_2.1/Coroplast_Mount/Coroplast_Mount.STEP}                 |      0
 Mods/Jink/{VORON 2.1/Coroplast Mount/Coroplast Mount.STL => VORON_2.1/Coroplast_Mount/Coroplast_Mount.STL}                   |    Bin
 .../Filament Runout Sensor Mount.SLDPRT => VORON_2.1/Filament_Runout_Sensor_Mount/Filament_Runout_Sensor_Mount.SLDPRT}       |    Bin
 .../Filament Runout Sensor Mount.STEP => VORON_2.1/Filament_Runout_Sensor_Mount/Filament_Runout_Sensor_Mount.STEP}           |      0
 .../Filament Runout Sensor Mount.STL => VORON_2.1/Filament_Runout_Sensor_Mount/Filament_Runout_Sensor_Mount.STL}             |    Bin
 .../Left Handed Ramps Mount/2mm Lower Prototype.SLDPRT => VORON_2.1/Left_Handed_Ramps_Mount/2mm_Lower_Prototype.SLDPRT}      |    Bin
 .../Left Handed Ramps Mount/2mm Lower Prototype.STEP => VORON_2.1/Left_Handed_Ramps_Mount/2mm_Lower_Prototype.STEP}          |      0
 .../{VORON 2.1/Left Handed Ramps Mount/2mm Lower Prototype.STL => VORON_2.1/Left_Handed_Ramps_Mount/2mm_Lower_Prototype.STL} |    Bin
 .../Left Handed RAMPS Mount.SLDPRT => VORON_2.1/Left_Handed_Ramps_Mount/Left_Handed_RAMPS_Mount.SLDPRT}                      |    Bin
 .../Left Handed Ramps Mount/Left Handed RAMPS Mount.STEP => VORON_2.1/Left_Handed_Ramps_Mount/Left_Handed_RAMPS_Mount.STEP}  |      0
 .../Left Handed Ramps Mount/Left Handed RAMPS Mount.STL => VORON_2.1/Left_Handed_Ramps_Mount/Left_Handed_RAMPS_Mount.STL}    |    Bin
 Mods/Jink/{VORON 2.1/Spool Holder With Scale => VORON_2.1/Spool_Holder_With_Scale}/Assem1.SLDASM                             |    Bin
 Mods/Jink/{VORON 2.1/Spool Holder With Scale/Load Cell.SLDPRT => VORON_2.1/Spool_Holder_With_Scale/Load_Cell.SLDPRT}         |    Bin
 Mods/Jink/{VORON 2.1/Spool Holder With Scale/Load Cell.STEP => VORON_2.1/Spool_Holder_With_Scale/Load_Cell.STEP}             |      0
 Mods/Jink/{VORON 2.1/Spool Holder With Scale => VORON_2.1/Spool_Holder_With_Scale}/Mount.SLDPRT                              |    Bin
 Mods/Jink/{VORON 2.1/Spool Holder With Scale => VORON_2.1/Spool_Holder_With_Scale}/Mount.STEP                                |      0
 Mods/Jink/{VORON 2.1/Spool Holder With Scale => VORON_2.1/Spool_Holder_With_Scale}/Mount.STL                                 |    Bin
 .../Spool Holder 1mm Clearance.SLDPRT => VORON_2.1/Spool_Holder_With_Scale/Spool_Holder_1mm_Clearance.SLDPRT}                |    Bin
 .../Spool Holder 1mm Clearance.STEP => VORON_2.1/Spool_Holder_With_Scale/Spool_Holder_1mm_Clearance.STEP}                    |      0
 .../Spool Holder 1mm Clearance.STL => VORON_2.1/Spool_Holder_With_Scale/Spool_Holder_1mm_Clearance.STL}                      |    Bin
 .../Spool Holder 2mm Clearance.SLDPRT => VORON_2.1/Spool_Holder_With_Scale/Spool_Holder_2mm_Clearance.SLDPRT}                |    Bin
 .../Spool Holder 2mm Clearance.STEP => VORON_2.1/Spool_Holder_With_Scale/Spool_Holder_2mm_Clearance.STEP}                    |      0
 .../Spool Holder 2mm Clearance.STL => VORON_2.1/Spool_Holder_With_Scale/Spool_Holder_2mm_Clearance.STL}                      |    Bin
 Mods/Jink/{VORON 2.1/WAGO Mount/Test Fit.SLDPRT => VORON_2.1/WAGO_Mount/Test_Fit.SLDPRT}                                     |    Bin
 Mods/Jink/{VORON 2.1/WAGO Mount/Test Fit.STEP => VORON_2.1/WAGO_Mount/Test_Fit.STEP}                                         |      0
 Mods/Jink/{VORON 2.1/WAGO Mount/Test Fit.STL => VORON_2.1/WAGO_Mount/Test_Fit.STL}                                           |    Bin
 Mods/Jink/{VORON 2.1/WAGO Mount/VORON WAGO Mount.SLDPRT => VORON_2.1/WAGO_Mount/VORON_WAGO_Mount.SLDPRT}                     |    Bin
 Mods/Jink/{VORON 2.1/WAGO Mount/VORON WAGO Mount.STEP => VORON_2.1/WAGO_Mount/VORON_WAGO_Mount.STEP}                         |      0
 Mods/Jink/{VORON 2.1/WAGO Mount/VORON WAGO Mount.STL => VORON_2.1/WAGO_Mount/VORON_WAGO_Mount.STL}                           |    Bin
 Mods/Koios/{6mm Glass => 6mm_Glass}/Lock_Body.step                                                                           |  66160 [32m+++++++++++++[m[31m--------------[m
 Mods/Koios/{6mm Glass => 6mm_Glass}/Lock_Body.stl                                                                            |    Bin
 Mods/Koios/{6mm Glass/_Lock_Pin_A_x2.step => 6mm_Glass/Lock_Pin_A_x2.step}                                                   |  41368 [32m++++++++[m[31m---------[m
 Mods/Koios/{6mm Glass/_Lock_Pin_A_x2.stl => 6mm_Glass/Lock_Pin_A_x2.stl}                                                     |    Bin
 Mods/Koios/{6mm Glass/_Lock_Pin_B_x2.step => 6mm_Glass/Lock_Pin_B_x2.step}                                                   |  41366 [32m++++++++[m[31m---------[m
 Mods/Koios/{6mm Glass/_Lock_Pin_B_x2.stl => 6mm_Glass/Lock_Pin_B_x2.stl}                                                     |    Bin
 Mods/Koios/{6mm Glass => 6mm_Glass}/README                                                                                   |      4 [32m+[m[31m-[m
 Mods/Koios/{LED Mount A.stl => LED_Mount_A.stl}                                                                              |    Bin
 Mods/Koios/{LED Mount B.stl => LED_Mount_B.stl}                                                                              |    Bin
 Mods/Koios/{LED mount.step => LED_mount.step}                                                                                |  12070 [32m++[m[31m---[m
 Mods/Railgunner/10mmBMGx2/{Dual BMG Extruder.png => Dual_BMG_Extruder.png}                                                   |    Bin
 Mods/Railgunner/10mmBMGx2/STL/{Belt Clip 10mm.stl => Belt_Clip_10mm.stl}                                                     |    Bin
 Mods/Railgunner/10mmBMGx2/Step/{Belt Clip 10mm.stp => Belt_Clip_10mm.stp}                                                    |   7820 [32m++[m[31m--[m
 Mods/Seamen/{RAMPS-Extender holder/RAMPS-Extender Halter 2 v4.stl => RAMPS-Extender_holder/RAMPS-Extender_Halter_2_v4.stl}   |    Bin
 Mods/Seamen/{RAMPS-Extender holder => RAMPS-Extender_holder}/README.md                                                       |      0
 Mods/Sparreau/{_z_rail_stop_PARAMETRIC_x4.f3d => z_rail_stop_PARAMETRIC_x4.f3d}                                              |    Bin
 Mods/Sparreau/{_z_rail_stop_bottom_x4.stl => z_rail_stop_bottom_x4.stl}                                                      |    Bin
 Mods/Sparreau/{_z_rail_stop_top_x4.stl => z_rail_stop_top_x4.stl}                                                            |    Bin
 Mods/Stephan/bltouch_mount/{bltouch v8.step => bltouch_v8.step}                                                              |  34328 [32m+++++++[m[31m-------[m
 Mods/Volcom8190/{V2 and V2.1/Nozzle Scrubber => V2_and_V2.1/Nozzle_Scrubber}/nozzle_scrubber_holder+single_waste_bucket.STL  |    Bin
 .../Nozzle_Scrubber/nozzle_scrubber_holder+waste_bucket-under_bed_variant.STL}                                               |    Bin
 Mods/Volcom8190/{V2 and V2.1/Nozzle Scrubber => V2_and_V2.1/Nozzle_Scrubber}/nozzle_scrubber_holder+waste_bucket.STL         |    Bin
 Mods/Volcom8190/{V2 and V2.1 => V2_and_V2.1}/Panels/2020_bed_extrusion_key.STL                                               |      0
 Mods/Volcom8190/{V2 and V2.1/Panels/Filtered Mains => V2_and_V2.1/Panels/Filtered_Mains}/250_rear_skirt_a_filter_mains.stl   |    Bin
 Mods/Volcom8190/{V2 and V2.1/Panels/Filtered Mains => V2_and_V2.1/Panels/Filtered_Mains}/250_rear_skirt_b_filter_mains.stl   |    Bin
 Mods/Volcom8190/{V2 and V2.1/Panels/Filtered Mains => V2_and_V2.1/Panels/Filtered_Mains}/300_rear_skirt_a_filter_mains.stl   |    Bin
 Mods/Volcom8190/{V2 and V2.1/Panels/Filtered Mains => V2_and_V2.1/Panels/Filtered_Mains}/300_rear_skirt_b_filter_mains.stl   |    Bin
 .../{V2 and V2.1/Panels/Filtered Mains/Filtered Mains BOM.txt => V2_and_V2.1/Panels/Filtered_Mains/Filtered_Mains_BOM.txt}   |      0
 .../_four_4pin_molex_adapter_for_mains.STL => V2_and_V2.1/Panels/Filtered_Mains/four_4pin_molex_adapter_for_mains.STL}       |    Bin
 .../Panels/Filtered Mains => V2_and_V2.1/Panels/Filtered_Mains}/mains_plug_panel_filter+circuitbreaker+usb+molex.STL         |    Bin
 Mods/Volcom8190/{V2 and V2.1 => V2_and_V2.1}/Panels/corner_panel_clip_0.25in_version_x12.STL                                 |    Bin
 .../Panels/front_panel_rest_0.125in_version_x2 .STL => V2_and_V2.1/Panels/front_panel_rest_0.125in_version_x2_.STL}          |    Bin
 .../Panels/front_panel_rest_0.25in_version_x2 .STL => V2_and_V2.1/Panels/front_panel_rest_0.25in_version_x2_.STL}            |    Bin
 Mods/Volcom8190/{V2 and V2.1 => V2_and_V2.1}/Panels/handle_0.25in_version_x2.STL                                             |    Bin
 Mods/Volcom8190/{V2 and V2.1 => V2_and_V2.1}/Panels/mid_panel_clip_0.25in_version_x12.STL                                    |    Bin
 Mods/daveidmx/VORON2/{30mm fan adapter.stl => 30mm_fan_adapter.stl}                                                          |    Bin
 Mods/etherwalker/{Pi Zero Camera Mount => Pi_Zero_Camera_Mount}/PiCamMount350.f3d                                            |    Bin
 Mods/etherwalker/{Pi Zero Camera Mount => Pi_Zero_Camera_Mount}/PiCamMount350.step                                           |      0
 Mods/etherwalker/{Pi Zero Camera Mount => Pi_Zero_Camera_Mount}/PiCamMount350.stl                                            |    Bin
 Mods/etherwalker/{Pi Zero Camera Mount => Pi_Zero_Camera_Mount}/PiZeroMount.f3d                                              |    Bin
 Mods/etherwalker/{Pi Zero Camera Mount => Pi_Zero_Camera_Mount}/PiZeroMount.step                                             |      0
 Mods/etherwalker/{Pi Zero Camera Mount => Pi_Zero_Camera_Mount}/PiZeroMount.stl                                              |    Bin
 Mods/exquyre/LED_bar_mount/{led_mount v3.step => led_mount_v3.step}                                                          |      0
 Mods/exquyre/cable_cover/{cable_cover v9.step => cable_cover_v9.step}                                                        |      0
 Mods/hiemmer/{Tool Holders/Caliper_Hex Holder.png => Tool_Holders/Caliper_Hex_Holder.png}                                    |    Bin
 Mods/hiemmer/{Tool Holders/Caliper Hex Holder.stl => Tool_Holders/Caliper_Hex_Holder.stl}                                    |    Bin
 Mods/hiemmer/{Tool Holders/Panel Spacer 35mm_0.125in.stl => Tool_Holders/Panel_Spacer_35mm_0.125in.stl}                      |    Bin
 Mods/hiemmer/{Tool Holders/Panel Spacer 35mm_0.25in.stl => Tool_Holders/Panel_Spacer_35mm_0.25in.stl}                        |    Bin
 Mods/hiemmer/{Tool Holders/Panel Spacer 45mm_0.125in.stl => Tool_Holders/Panel_Spacer_45mm_0.125in.stl}                      |    Bin
 Mods/hiemmer/{Tool Holders/Panel Spacer 45mm_0.25in.stl => Tool_Holders/Panel_Spacer_45mm_0.25in.stl}                        |    Bin
 Mods/hiemmer/{Tool Holders => Tool_Holders}/README.md                                                                        |     26 [32m+[m[31m-[m
 Mods/hiemmer/{Tool Holders/Screwdriver Holder.png => Tool_Holders/Screwdriver_Holder.png}                                    |    Bin
 Mods/hiemmer/{Tool Holders/Screwdriver Holder.stl => Tool_Holders/Screwdriver_Holder.stl}                                    |    Bin
 Mods/nemgrea/{magnetic split front door => magnetic_split_front_door}/BOM                                                    |      0
 Mods/nemgrea/{magnetic split front door => magnetic_split_front_door}/Capture.PNG                                            |    Bin
 Mods/nemgrea/{magnetic split front door => magnetic_split_front_door}/hinge_plate_front_a.STEP                               |   1798 [32m+[m[31m-[m
 Mods/nemgrea/{magnetic split front door => magnetic_split_front_door}/hinge_plate_front_b.STEP                               |   1798 [32m+[m[31m-[m
 Mods/nemgrea/{magnetic split front door => magnetic_split_front_door}/hinge_plate_side_a.STEP                                |   3270 [32m+[m[31m-[m
 Mods/nemgrea/{magnetic split front door => magnetic_split_front_door}/hinge_plate_side_b.STEP                                |   3270 [32m+[m[31m-[m
 Mods/nemgrea/{magnetic split front door => magnetic_split_front_door}/inner_magnet_mount_x2.STEP                             |   3058 [32m+[m[31m-[m
 Mods/nemgrea/{magnetic split front door => magnetic_split_front_door}/outter_magnet_mount_bottom_x2.STEP                     |   1180 [32m+[m[31m-[m
 Mods/nemgrea/{magnetic split front door => magnetic_split_front_door}/small_handle_a.STEP                                    | 153296 [32m+++++++++++++++++++++++++++++++[m[31m-------------------------------[m
 Mods/nemgrea/{magnetic split front door => magnetic_split_front_door}/small_handle_b.STEP                                    | 153296 [32m+++++++++++++++++++++++++++++++[m[31m-------------------------------[m
 Mods/pnokel/{Cable Zipper 5000.stl => Cable_Zipper_5000.stl}                                                                 |    Bin
 Mods/pnokel/{Coroplast Holder Back.stl => Coroplast_Holder_Back.stl}                                                         |    Bin
 Mods/pnokel/{Coroplast Holder Upper.stl => Coroplast_Holder_Upper.stl}                                                       |    Bin
 Mods/pnokel/{Coroplast Support.stl => Coroplast_Support.stl}                                                                 |    Bin
 Mods/pnokel/{Lower Cable Hole.stl => Lower_Cable_Hole.stl}                                                                   |    Bin
 Mods/pnokel/{Upper Cable Hole.stl => Upper_Cable_Hole.stl}                                                                   |    Bin
 Mods/pnokel/{toothed idler small 14.5mm.stl => toothed_idler_small_14.5mm.stl}                                               |    Bin
 Mods/steve450/Voron2.1/{_corner bracket left logo.stl => corner_bracket_left_logo.stl}                                       |    Bin
 Mods/steve450/Voron2.1/{_corner bracket left nologo.stl => corner_bracket_left_nologo.stl}                                   |    Bin
 Mods/steve450/Voron2.1/{_corner bracket right logo.stl => corner_bracket_right_logo.stl}                                     |    Bin
 Mods/steve450/Voron2.1/{_corner bracket right nologo.stl => corner_bracket_right_nologo.stl}                                 |    Bin
 Mods/synfinatic/Duet-Fan-Mount/{Duet Fan Bracket.f3d => Duet_Fan_Bracket.f3d}                                                |    Bin
 Mods/wile.e.coyote/{wago_mount-222-412 (use supports).stl => wago_mount-222-412-use_supports-.stl}                           |    Bin
 Mods/wile.e.coyote/{wago_mount-222-413 (use supports).stl => wago_mount-222-413-use_supports-.stl}                           |    Bin
 Mods/wile.e.coyote/{wago_mount-222-415 (use supports).stl => wago_mount-222-415-use_supports-.stl}                           |    Bin
 PCB/{XY Endstop/Assembly Jig Files => XY_Endstop/Assembly_Jig_Files}/endstop-jig.stl                                         |    Bin
 PCB/{XY Endstop/Assembly Jig Files => XY_Endstop/Assembly_Jig_Files}/endstop-jig.stp                                         |  11904 [32m++[m[31m---[m
 PCB/{XY Endstop => XY_Endstop}/Gerbers/MZBOT_XY-Endstop-B.Cu.gbr                                                             |      0
 PCB/{XY Endstop => XY_Endstop}/Gerbers/MZBOT_XY-Endstop-B.Mask.gbr                                                           |      0
 PCB/{XY Endstop => XY_Endstop}/Gerbers/MZBOT_XY-Endstop-B.SilkS.gbr                                                          |      0
 PCB/{XY Endstop => XY_Endstop}/Gerbers/MZBOT_XY-Endstop-Edge.Cuts.gbr                                                        |      0
 PCB/{XY Endstop => XY_Endstop}/Gerbers/MZBOT_XY-Endstop-F.Cu.gbr                                                             |      0
 PCB/{XY Endstop => XY_Endstop}/Gerbers/MZBOT_XY-Endstop-F.Mask.gbr                                                           |      0
 PCB/{XY Endstop => XY_Endstop}/Gerbers/MZBOT_XY-Endstop-F.SilkS.gbr                                                          |      0
 PCB/{XY Endstop => XY_Endstop}/Gerbers/MZBOT_XY-Endstop-NPTH.drl                                                             |      0
 PCB/{XY Endstop => XY_Endstop}/Gerbers/MZBOT_XY-Endstop-PTH.drl                                                              |      0
 PCB/{XY Endstop => XY_Endstop}/Gerbers/MZBOT_XY-Endstop.drl                                                                  |      0
 PCB/{XY Endstop => XY_Endstop}/KiCad.pretty/SIP-3.kicad_mod                                                                  |      0
 PCB/{XY Endstop => XY_Endstop}/KiCad/MZBOT.dcm                                                                               |      0
 PCB/{XY Endstop => XY_Endstop}/KiCad/MZBOT.lib                                                                               |      0
 PCB/{XY Endstop => XY_Endstop}/KiCad/MZBOT.pretty.zip                                                                        |    Bin
 PCB/{XY Endstop => XY_Endstop}/KiCad/MZBOT_Title.kicad_wks                                                                   |      0
 PCB/{XY Endstop => XY_Endstop}/KiCad/MZBOT_XY-Endstop.kicad_pcb                                                              |      0
 PCB/{XY Endstop => XY_Endstop}/KiCad/MZBOT_XY-Endstop.kicad_pcb-bak                                                          |      0
 PCB/{XY Endstop => XY_Endstop}/KiCad/MZBOT_XY-Endstop.net                                                                    |      0
 PCB/{XY Endstop => XY_Endstop}/KiCad/MZBOT_XY-Endstop.pro                                                                    |      0
 PCB/{XY Endstop => XY_Endstop}/KiCad/MZBOT_XY-Endstop.sch                                                                    |      0
 PCB/{XY Endstop => XY_Endstop}/KiCad/MZBOT_XY-Endstop.wrl                                                                    |      0
 PCB/{XY Endstop => XY_Endstop}/MZBOT_XY-Endstop.pdf                                                                          |    Bin
 PCB/{XY Endstop => XY_Endstop}/MZBOT_XY-Endstop.step                                                                         |      0
 PCB/{XY Endstop => XY_Endstop}/MZBOT_XY-Endstop_BOM.xlsx                                                                     |    Bin
 PCB/{XY Endstop => XY_Endstop}/README.md                                                                                     |      0
 PCB/{XY Endstop => XY_Endstop}/SIP-3.kicad_mod                                                                               |      0
 PCB/{XY Endstop => XY_Endstop}/XY_Endstop_Back.JPG                                                                           |    Bin
 PCB/{XY Endstop => XY_Endstop}/XY_Endstop_Top.JPG                                                                            |    Bin
 STLs/{Bottom Skirts => Bottom_Skirts}/blank_skirt_panel.stl                                                                  |    Bin
 STLs/{Bottom Skirts => Bottom_Skirts}/front_rear_skirt_a_250spec_x2.stl                                                      |    Bin
 STLs/{Bottom Skirts => Bottom_Skirts}/front_rear_skirt_a_300spec_x2.stl                                                      |    Bin
 STLs/{Bottom Skirts => Bottom_Skirts}/front_rear_skirt_a_350spec_x2.stl                                                      |    Bin
 STLs/{Bottom Skirts => Bottom_Skirts}/front_rear_skirt_a_446mm_v1_x2.stl                                                     |    Bin
 STLs/{Bottom Skirts => Bottom_Skirts}/front_rear_skirt_b_250spec_x2.stl                                                      |    Bin
 STLs/{Bottom Skirts => Bottom_Skirts}/front_rear_skirt_b_300spec_x2.stl                                                      |    Bin
 STLs/{Bottom Skirts => Bottom_Skirts}/front_rear_skirt_b_350spec_x2.stl                                                      |    Bin
 STLs/{Bottom Skirts => Bottom_Skirts}/front_rear_skirt_b_446mm_v1_x2.stl                                                     |    Bin
 STLs/{Bottom Skirts => Bottom_Skirts}/mains_plug_panel.stl                                                                   |    Bin
 STLs/{Bottom Skirts => Bottom_Skirts}/mains_plug_panel_filter_inletseparate_breaker.STL                                      |    Bin
 STLs/{Bottom Skirts/_motor_cover.stl => Bottom_Skirts/motor_cover.stl}                                                       |    Bin
 STLs/{Bottom Skirts/_motor_cover_logo.stl => Bottom_Skirts/motor_cover_logo.stl}                                             |    Bin
 STLs/{Bottom Skirts => Bottom_Skirts}/side_skirt_250spec_x2.stl                                                              |    Bin
 STLs/{Bottom Skirts => Bottom_Skirts}/side_skirt_300spec_x2.stl                                                              |    Bin
 STLs/{Bottom Skirts => Bottom_Skirts}/side_skirt_350spec_x2.stl                                                              |    Bin
 STLs/{Electronics Mounting => Electronics_Mounting}/bigtree_skr_mini_single_board_mounting_frame_x2.STL                      |    Bin
 STLs/{Electronics Mounting => Electronics_Mounting}/bigtree_skr_single_board_mounting_frame_x2.STL                           |    Bin
 STLs/{Electronics Mounting => Electronics_Mounting}/bottom_fan_mount.stl                                                     |    Bin
 STLs/{Electronics Mounting => Electronics_Mounting}/dual_ramps_frame.stl                                                     |    Bin
 STLs/{Electronics Mounting => Electronics_Mounting}/duet_duex_single_board_mounting_frame_x2.STL                             |    Bin
 STLs/{Electronics Mounting => Electronics_Mounting}/mks_gen_1.4_single_board_mounting_frame_x2.STL                           |    Bin
 STLs/{Electronics Mounting => Electronics_Mounting}/mks_gen_L_single_board_mounting_frame_x2.STL                             |    Bin
 STLs/{Electronics Mounting => Electronics_Mounting}/psu_bracket_a.stl                                                        |    Bin
 STLs/{Electronics Mounting => Electronics_Mounting}/psu_bracket_b.stl                                                        |    Bin
 STLs/{Electronics Mounting => Electronics_Mounting}/rpi_frame.stl                                                            |    Bin
 STLs/{Electronics Mounting => Electronics_Mounting}/rs_25_##_mounting_frame.STL                                              |    Bin
 STLs/{FSR Tool Offset Switch => FSR_Tool_Offset_Switch}/fsr_endstop_body_a.stl                                               |    Bin
 STLs/{FSR Tool Offset Switch => FSR_Tool_Offset_Switch}/fsr_endstop_body_b.stl                                               |    Bin
 STLs/{FSR Tool Offset Switch => FSR_Tool_Offset_Switch}/fsr_strike_plate.stl                                                 |    Bin
 STLs/{FSR Tool Offset Switch => FSR_Tool_Offset_Switch}/shaft_stop.stl                                                       |    Bin
 STLs/Gantry/{AB Drive Units => AB_Drive_Units}/a_drive_frame_lower.stl                                                       |    Bin
 STLs/Gantry/{AB Drive Units => AB_Drive_Units}/a_drive_frame_upper.stl                                                       |    Bin
 STLs/Gantry/{AB Drive Units => AB_Drive_Units}/b_drive_frame_lower.stl                                                       |    Bin
 STLs/Gantry/{AB Drive Units => AB_Drive_Units}/b_drive_frame_upper.stl                                                       |    Bin
 STLs/Gantry/{Front Idlers/_front_tensioner_cap_lower_left.stl => Front_Idlers/front_tensioner_cap_lower_left.stl}            |    Bin
 STLs/Gantry/{Front Idlers/_front_tensioner_cap_lower_right.stl => Front_Idlers/front_tensioner_cap_lower_right.stl}          |    Bin
 STLs/Gantry/{Front Idlers/_front_tensioner_cap_upper_left.stl => Front_Idlers/front_tensioner_cap_upper_left.stl}            |    Bin
 STLs/Gantry/{Front Idlers/_front_tensioner_cap_upper_right.stl => Front_Idlers/front_tensioner_cap_upper_right.stl}          |    Bin
 STLs/Gantry/{Front Idlers => Front_Idlers}/idler_frame_left_lower.STL                                                        |    Bin
 STLs/Gantry/{Front Idlers => Front_Idlers}/idler_frame_left_upper.STL                                                        |    Bin
 STLs/Gantry/{Front Idlers => Front_Idlers}/idler_frame_right_lower.STL                                                       |    Bin
 STLs/Gantry/{Front Idlers => Front_Idlers}/idler_frame_right_upper.STL                                                       |    Bin
 STLs/Gantry/{Gantry Cable Management/_tapechain_rail_anchor_x4.stl => Gantry_Cable_Management/tapechain_rail_anchor_x4.stl}  |    Bin
 STLs/Gantry/{Gantry Cable Management => Gantry_Cable_Management}/xy_cable_bridge.stl                                         |    Bin
 STLs/Gantry/{Gantry Cable Management => Gantry_Cable_Management}/xy_cable_bridge_+20mm.STL                                   |    Bin
 STLs/Gantry/{Gantry Cable Management => Gantry_Cable_Management}/z_cable_frame_anchor.stl                                    |    Bin
 STLs/Gantry/{Gantry Cable Management => Gantry_Cable_Management}/z_cable_gantry_anchor.stl                                   |    Bin
 STLs/Gantry/{XY Joints/MZBOT Hall Endstop => XY_Joints/MZBOT_Hall_Endstop}/mzbot_hall_endstop_bracket.stl                    |    Bin
 STLs/Gantry/{XY Joints/Mechanical Endstop => XY_Joints/Mechanical_Endstop}/mechanical_endstop_bracket.stl                    |    Bin
 STLs/Gantry/{XY Joints/Mechanical Endstop => XY_Joints/Mechanical_Endstop}/mechanical_endstop_cover.stl                      |    Bin
 STLs/Gantry/{XY Joints => XY_Joints}/xy_joint_backbrace_left.stl                                                             |    Bin
 STLs/Gantry/{XY Joints => XY_Joints}/xy_joint_backbrace_right.stl                                                            |    Bin
 STLs/Gantry/{XY Joints => XY_Joints}/xy_joint_left.stl                                                                       |    Bin
 STLs/Gantry/{XY Joints => XY_Joints}/xy_joint_right.stl                                                                      |    Bin
 STLs/Gantry/{XY Joints => XY_Joints}/xy_topbrace_left.stl                                                                    |    Bin
 STLs/Gantry/{XY Joints => XY_Joints}/xy_topbrace_right.stl                                                                   |    Bin
 .../Toolhead/Mosquito_Hotend_Sock/mosquito_sock-tips_tricks_and_material_suggestions.txt}                                    |      0
 .../{X Carriage/Toolhead/Mosquito Hotend Sock => X_Carriage/Toolhead/Mosquito_Hotend_Sock}/mosquito_sock_core_bottom.stl     |    Bin
 .../Gantry/{X Carriage/Toolhead/Mosquito Hotend Sock => X_Carriage/Toolhead/Mosquito_Hotend_Sock}/mosquito_sock_core_top.stl |    Bin
 .../Toolhead/Mosquito Hotend Sock => X_Carriage/Toolhead/Mosquito_Hotend_Sock}/mosquito_sock_mold_assembly_drawing.pdf       |    Bin
 .../{X Carriage/Toolhead/Mosquito Hotend Sock => X_Carriage/Toolhead/Mosquito_Hotend_Sock}/mosquito_sock_mold_bottom.stl     |    Bin
 .../Gantry/{X Carriage/Toolhead/Mosquito Hotend Sock => X_Carriage/Toolhead/Mosquito_Hotend_Sock}/mosquito_sock_mold_top.stl |    Bin
 STLs/Gantry/{X Carriage/Toolhead/_bsp_adapter.stl => X_Carriage/Toolhead/bsp_adapter.stl}                                    |    Bin
 STLs/Gantry/{X Carriage => X_Carriage}/Toolhead/mosquito_toolhead_housing_front.STL                                          |    Bin
 STLs/Gantry/{X Carriage => X_Carriage}/Toolhead/mosquito_toolhead_housing_rear.STL                                           |    Bin
 STLs/Gantry/{X Carriage/Toolhead/_toolhead_front_plate.STL => X_Carriage/Toolhead/toolhead_front_plate.STL}                  |    Bin
 STLs/Gantry/{X Carriage => X_Carriage}/Toolhead/v6_+_mosquito_cooling_fan_duct_left.STL                                      |    Bin
 STLs/Gantry/{X Carriage => X_Carriage}/Toolhead/v6_+_mosquito_cooling_fan_duct_right.STL                                     |    Bin
 STLs/Gantry/{X Carriage => X_Carriage}/Toolhead/v6_toolhead_housing_front.STL                                                |    Bin
 STLs/Gantry/{X Carriage => X_Carriage}/Toolhead/v6_toolhead_housing_rear.STL                                                 |    Bin
 STLs/Gantry/{X Carriage => X_Carriage}/Toolhead/volcano_cooling_fan_duct_left.STL                                            |    Bin
 STLs/Gantry/{X Carriage => X_Carriage}/Toolhead/volcano_cooling_fan_duct_right.STL                                           |    Bin
 STLs/Gantry/{X Carriage/_belt_clip_x2.stl => X_Carriage/belt_clip_x2.stl}                                                    |    Bin
 STLs/Gantry/{X Carriage => X_Carriage}/cable_cover_left.stl                                                                  |    Bin
 STLs/Gantry/{X Carriage => X_Carriage}/cable_cover_right.stl                                                                 |    Bin
 STLs/Gantry/{X Carriage => X_Carriage}/x_carriage_frame_left.stl                                                             |    Bin
 STLs/Gantry/{X Carriage => X_Carriage}/x_carriage_frame_right.stl                                                            |    Bin
 STLs/Gantry/{X Carriage => X_Carriage}/x_carriage_tapechain_anchorpoint.stl                                                  |    Bin
 STLs/Gantry/{X Carriage => X_Carriage}/x_carriage_tapechain_anchorpoint_+20mm.STL                                            |    Bin
 STLs/Gantry/{X Carriage/_z_probe_retainer_left.stl => X_Carriage/z_probe_retainer_left.stl}                                  |    Bin
 STLs/Gantry/{X Carriage/_z_probe_retainer_right.stl => X_Carriage/z_probe_retainer_right.stl}                                |    Bin
 STLs/Gantry/{_y_endstop_strikeblock.stl => y_endstop_strikeblock.stl}                                                        |    Bin
 STLs/Gantry/{_z_rail_stop_x8.stl => z_rail_stop_x8.stl}                                                                      |    Bin
 STLs/{LCD Module/RepRap Full Graphics LCD Module => LCD_Module/RepRap_Full_Graphics_LCD_Module}/front.stl                    |    Bin
 STLs/{LCD Module/RepRap Full Graphics LCD Module => LCD_Module/RepRap_Full_Graphics_LCD_Module}/jog_dial.stl                 |    Bin
 STLs/{LCD Module/RepRap Full Graphics LCD Module => LCD_Module/RepRap_Full_Graphics_LCD_Module}/rear.stl                     |    Bin
 STLs/{LCD Module => LCD_Module}/mount_base_a.stl                                                                             |    Bin
 STLs/{LCD Module => LCD_Module}/mount_base_b.stl                                                                             |    Bin
 STLs/{LCD Module => LCD_Module}/swing_arm_long_x2.stl                                                                        |    Bin
 STLs/{LCD Module => LCD_Module}/swing_arm_short_a.stl                                                                        |    Bin
 STLs/{LCD Module => LCD_Module}/swing_arm_short_b.stl                                                                        |    Bin
 STLs/Misc/TEST_PRINTS/{Thread Test 1.STL => Thread_Test_1.STL}                                                               |    Bin
 STLs/Misc/TEST_PRINTS/{Thread Test 2.STL => Thread_Test_2.STL}                                                               |    Bin
 STLs/Misc/TEST_PRINTS/{Thread Test 3.STL => Thread_Test_3.STL}                                                               |    Bin
 STLs/Misc/Tools/{80T Tool => 80T_Tool}/80t_press_bolt_head_side.STL                                                          |    Bin
 STLs/Misc/Tools/{80T Tool => 80T_Tool}/80t_press_hex_side.STL                                                                |    Bin
 STLs/Misc/Tools/{Cutting Jigs => Cutting_Jigs}/drive_shaft_jig_50mm.stl                                                      |    Bin
 STLs/Misc/Tools/{Cutting Jigs => Cutting_Jigs}/fsr_shaft_jig_40mm.stl                                                        |    Bin
 STLs/Misc/Tools/{Cutting Jigs => Cutting_Jigs}/idler_shaft_jig_26mm.stl                                                      |    Bin
 STLs/Misc/Tools/{Cutting Jigs => Cutting_Jigs}/jig_dremel_arm.stl                                                            |    Bin
 STLs/Misc/Tools/{Cutting Jigs => Cutting_Jigs}/jig_dremel_mount.stl                                                          |    Bin
 STLs/Misc/Tools/{Cutting Jigs => Cutting_Jigs}/jig_dremel_rail_x2.stl                                                        |    Bin
 STLs/Misc/Tools/{Rail Installation Guides => Rail_Installation_Guides}/rail_installation_guide_center_x2.stl                 |    Bin
 STLs/Misc/Tools/{Rail Installation Guides => Rail_Installation_Guides}/rail_installation_guide_offset_x2.stl                 |    Bin
 STLs/{Panel Mounting/Front Panel Locks/_latch_a_x2.stl => Panel_Mounting/Front_Panel_Locks/latch_a_x2.stl}                   |    Bin
 STLs/{Panel Mounting/Front Panel Locks/_latch_b_x2.stl => Panel_Mounting/Front_Panel_Locks/latch_b_x2.stl}                   |    Bin
 STLs/{Panel Mounting/Front Panel Locks => Panel_Mounting/Front_Panel_Locks}/lock_body_x4.stl                                 |    Bin
 STLs/{Panel Mounting/Front Panel Locks/_lock_lever_a_x2.stl => Panel_Mounting/Front_Panel_Locks/lock_lever_a_x2.stl}         |    Bin
 STLs/{Panel Mounting/Front Panel Locks/_lock_lever_b_x2.stl => Panel_Mounting/Front_Panel_Locks/lock_lever_b_x2.stl}         |    Bin
 STLs/{Panel Mounting => Panel_Mounting}/corner_panel_clip_x12.stl                                                            |    Bin
 STLs/{Panel Mounting/_coroplast_anchor_x6.stl => Panel_Mounting/coroplast_anchor_x6.stl}                                     |    Bin
 STLs/{Panel Mounting => Panel_Mounting}/front_panel_rest_x2.stl                                                              |    Bin
 STLs/{Panel Mounting => Panel_Mounting}/handle_x2.stl                                                                        |    Bin
 STLs/{Panel Mounting => Panel_Mounting}/mid_panel_clip_x12.stl                                                               |    Bin
 STLs/{Panel Mounting => Panel_Mounting}/rear_coroplast_clip_x4.stl                                                           |    Bin
 STLs/{Rear Exhaust => Rear_Exhaust}/exhaust_filter_housing.stl                                                               |    Bin
 STLs/{Rear Exhaust => Rear_Exhaust}/exhaust_grill.stl                                                                        |    Bin
 STLs/{Rear Exhaust/_exhaust_housing_door.stl => Rear_Exhaust/exhaust_housing_door.stl}                                       |    Bin
 STLs/{Rear Exhaust => Rear_Exhaust}/exhaust_mount_bracket_x2.stl                                                             |    Bin
 STLs/{Z Drive/80T Drivegear/_80t_hubbed_gear_x4.stl => Z_Drive/80T_Drivegear/80t_hubbed_gear_x4.stl}                         |    Bin
 STLs/{Z Drive/80T Drivegear/Old VLock/_vlock_a_x4.stl => Z_Drive/80T_Drivegear/Old_VLock/vlock_a_x4.stl}                     |    Bin
 STLs/{Z Drive/80T Drivegear/Old VLock/_vlock_b_x4.stl => Z_Drive/80T_Drivegear/Old_VLock/vlock_b_x4.stl}                     |    Bin
 STLs/{Z Drive/80T Drivegear/Old VLock/_vlock_ring_80t_x4.stl => Z_Drive/80T_Drivegear/Old_VLock/vlock_ring_80t_x4.stl}       |    Bin
 STLs/{Z Drive/Idlers/_z_idler_aa_x2.stl => Z_Drive/Idlers/z_idler_aa_x2.stl}                                                 |    Bin
 STLs/{Z Drive/Idlers/_z_idler_ab_x2.stl => Z_Drive/Idlers/z_idler_ab_x2.stl}                                                 |    Bin
 STLs/{Z Drive/Idlers/_z_idler_ba_x2.stl => Z_Drive/Idlers/z_idler_ba_x2.stl}                                                 |    Bin
 STLs/{Z Drive/Idlers/_z_idler_bb_x2.stl => Z_Drive/Idlers/z_idler_bb_x2.stl}                                                 |    Bin
 STLs/{Z Drive => Z_Drive}/Idlers/z_idler_frame_a_x2.stl                                                                      |    Bin
 STLs/{Z Drive => Z_Drive}/Idlers/z_idler_frame_b_x2.stl                                                                      |    Bin
 STLs/{Z Drive/_z_belt_clip_x4.stl => Z_Drive/z_belt_clip_x4.stl}                                                             |    Bin
 STLs/{Z Drive/_z_drive_belt_cover_a_x2.stl => Z_Drive/z_drive_belt_cover_a_x2.stl}                                           |    Bin
 STLs/{Z Drive/_z_drive_belt_cover_b_x2.stl => Z_Drive/z_drive_belt_cover_b_x2.stl}                                           |    Bin
 STLs/{Z Drive => Z_Drive}/z_drive_front_support_a_x2.stl                                                                     |    Bin
 STLs/{Z Drive => Z_Drive}/z_drive_front_support_b_x2.stl                                                                     |    Bin
 STLs/{Z Drive => Z_Drive}/z_drive_rear_support_a_x2.stl                                                                      |    Bin
 STLs/{Z Drive => Z_Drive}/z_drive_rear_support_b_x2.stl                                                                      |    Bin
 .../Cura/{Volcom Profiles/Paramount ABS - 0.4 Nozzle.curaprofile => Volcom_Profiles/Paramount_ABS-0.4_Nozzle.curaprofile}    |    Bin
 Slicer_Profiles/Cura/{Voron Cura/Voron Cura 4.1_CAO_19JUL19.exe => Voron_Cura/Voron_Cura_4.1_CAO_19JUL19.exe}                |    Bin
 Slicer_Profiles/Cura/{Voron Cura/Voron Cura 4.1_CAO_19JUL19.rar => Voron_Cura/Voron_Cura_4.1_CAO_19JUL19.rar}                |    Bin
 384 files changed, 318804 insertions(+), 318804 deletions(-)
